2026-02-09 13:01:41,458 [PID 1279] INFO No binary specified, looking for `pyre.bin` in PATH
2026-02-09 13:01:41,465 [PID 1279] INFO Pyre binary is located at `/mnt/c/Users/HASSAN ALI/Documents/taintAnalyzer/venv/bin/pyre.bin`
2026-02-09 13:01:41,466 [PID 1279] ERROR Invalid configuration: Cannot find any source files to analyze. Either `source_directories` or `targets` must be specified.
2026-02-09 13:06:13,963 [PID 1417] INFO No binary specified, looking for `pyre.bin` in PATH
2026-02-09 13:06:13,975 [PID 1417] INFO Pyre binary is located at `/mnt/c/Users/HASSAN ALI/Documents/taintAnalyzer/venv/bin/pyre.bin`
2026-02-09 13:06:13,978 [PID 1417] INFO Could not determine the number of Pyre workers from configuration. Auto-set the value to 5.
2026-02-09 13:06:14,330 [PID 1417] INFO No typeshed specified, looking for it...
2026-02-09 13:06:14,333 [PID 1417] INFO Found: `/mnt/c/Users/HASSAN ALI/Documents/taintAnalyzer/venv/lib/pyre_check/typeshed`
2026-02-09 13:06:14,435 [PID 1417] INFO Writing arguments into /tmp/pyre_arguments_vjlcjjhk.json...
2026-02-09 13:06:14,437 [PID 1417] DEBUG Arguments:
{
  "source_paths": {
    "kind": "simple",
    "paths": [
      "/mnt/c/Users/HASSAN ALI/Documents/taintAnalyzer"
    ]
  },
  "search_paths": [
    "/mnt/c/Users/HASSAN ALI/Documents/taintAnalyzer/venv/lib/python3.12/site-packages$annotated_types",
    "/mnt/c/Users/HASSAN ALI/Documents/taintAnalyzer/venv/lib/python3.12/site-packages$annotated_doc",
    "/mnt/c/Users/HASSAN ALI/Documents/taintAnalyzer/venv/lib/python3.12/site-packages$tomli",
    "/mnt/c/Users/HASSAN ALI/Documents/taintAnalyzer/venv/lib/python3.12/site-packages$tomli_w",
    "/mnt/c/Users/HASSAN ALI/Documents/taintAnalyzer/venv/lib/python3.12/site-packages$uvicorn",
    "/mnt/c/Users/HASSAN ALI/Documents/taintAnalyzer/venv/lib/python3.12/site-packages$h11",
    "/mnt/c/Users/HASSAN ALI/Documents/taintAnalyzer/venv/lib/python3.12/site-packages$anyio",
    "/mnt/c/Users/HASSAN ALI/Documents/taintAnalyzer/venv/lib/python3.12/site-packages$starlette",
    "/mnt/c/Users/HASSAN ALI/Documents/taintAnalyzer/venv/lib/python3.12/site-packages$pydantic_core",
    "/mnt/c/Users/HASSAN ALI/Documents/taintAnalyzer/venv/lib/python3.12/site-packages$marshmallow",
    "/mnt/c/Users/HASSAN ALI/Documents/taintAnalyzer/venv/lib/python3.12/site-packages$packaging",
    "/mnt/c/Users/HASSAN ALI/Documents/taintAnalyzer/venv/lib/python3.12/site-packages$python_multipart",
    "/mnt/c/Users/HASSAN ALI/Documents/taintAnalyzer/venv/lib/python3.12/site-packages$libcst",
    "/mnt/c/Users/HASSAN ALI/Documents/taintAnalyzer/venv/lib/python3.12/site-packages$typing_inspection",
    "/mnt/c/Users/HASSAN ALI/Documents/taintAnalyzer/venv/lib/python3.12/site-packages$pydantic",
    "/mnt/c/Users/HASSAN ALI/Documents/taintAnalyzer/venv/lib/python3.12/site-packages$typeguard",
    "/mnt/c/Users/HASSAN ALI/Documents/taintAnalyzer/venv/lib/python3.12/site-packages$testslide",
    "/mnt/c/Users/HASSAN ALI/Documents/taintAnalyzer/venv/lib/python3.12/site-packages$dataclasses_json",
    "/mnt/c/Users/HASSAN ALI/Documents/taintAnalyzer/venv/lib/python3.12/site-packages$fastapi",
    "/mnt/c/Users/HASSAN ALI/Documents/taintAnalyzer/venv/lib/python3.12/site-packages$idna",
    "/mnt/c/Users/HASSAN ALI/Documents/taintAnalyzer/venv/lib/python3.12/site-packages$pip",
    "/mnt/c/Users/HASSAN ALI/Documents/taintAnalyzer/venv/lib/python3.12/site-packages$click",
    "/mnt/c/Users/HASSAN ALI/Documents/taintAnalyzer/venv/lib/pyre_check/typeshed/stdlib",
    "/mnt/c/Users/HASSAN ALI/Documents/taintAnalyzer/venv/lib/pyre_check/typeshed/stubs/ExifRead",
    "/mnt/c/Users/HASSAN ALI/Documents/taintAnalyzer/venv/lib/pyre_check/typeshed/stubs/PyMySQL",
    "/mnt/c/Users/HASSAN ALI/Documents/taintAnalyzer/venv/lib/pyre_check/typeshed/stubs/PyYAML",
    "/mnt/c/Users/HASSAN ALI/Documents/taintAnalyzer/venv/lib/pyre_check/typeshed/stubs/aiofiles",
    "/mnt/c/Users/HASSAN ALI/Documents/taintAnalyzer/venv/lib/pyre_check/typeshed/stubs/chevron",
    "/mnt/c/Users/HASSAN ALI/Documents/taintAnalyzer/venv/lib/pyre_check/typeshed/stubs/colorama",
    "/mnt/c/Users/HASSAN ALI/Documents/taintAnalyzer/venv/lib/pyre_check/typeshed/stubs/ldap3",
    "/mnt/c/Users/HASSAN ALI/Documents/taintAnalyzer/venv/lib/pyre_check/typeshed/stubs/mysqlclient",
    "/mnt/c/Users/HASSAN ALI/Documents/taintAnalyzer/venv/lib/pyre_check/typeshed/stubs/paramiko",
    "/mnt/c/Users/HASSAN ALI/Documents/taintAnalyzer/venv/lib/pyre_check/typeshed/stubs/psycopg2",
    "/mnt/c/Users/HASSAN ALI/Documents/taintAnalyzer/venv/lib/pyre_check/typeshed/stubs/pycurl",
    "/mnt/c/Users/HASSAN ALI/Documents/taintAnalyzer/venv/lib/pyre_check/typeshed/stubs/python-dateutil",
    "/mnt/c/Users/HASSAN ALI/Documents/taintAnalyzer/venv/lib/pyre_check/typeshed/stubs/pytz",
    "/mnt/c/Users/HASSAN ALI/Documents/taintAnalyzer/venv/lib/pyre_check/typeshed/stubs/regex",
    "/mnt/c/Users/HASSAN ALI/Documents/taintAnalyzer/venv/lib/pyre_check/typeshed/stubs/requests",
    "/mnt/c/Users/HASSAN ALI/Documents/taintAnalyzer/venv/lib/pyre_check/typeshed/stubs/retry",
    "/mnt/c/Users/HASSAN ALI/Documents/taintAnalyzer/venv/lib/pyre_check/typeshed/stubs/tqdm",
    "/mnt/c/Users/HASSAN ALI/Documents/taintAnalyzer/venv/lib/pyre_check/typeshed/stubs/ujson"
  ],
  "excludes": [],
  "checked_directory_allowlist": [
    "/mnt/c/Users/HASSAN ALI/Documents/taintAnalyzer"
  ],
  "checked_directory_blocklist": [],
  "extensions": [],
  "log_path": "/mnt/c/Users/HASSAN ALI/Documents/taintAnalyzer/.pyre",
  "global_root": "/mnt/c/Users/HASSAN ALI/Documents/taintAnalyzer",
  "debug": false,
  "python_version": {
    "major": 3,
    "minor": 12,
    "micro": 3
  },
  "system_platform": "linux",
  "shared_memory": {},
  "parallel": true,
  "number_of_workers": 5,
  "additional_logging_sections": [],
  "show_error_traces": false,
  "strict": false
}
2026-02-09 13:06:15,668 [PID 1417] PERFORMANCE  Initialized shared memory (heap size: 8589934592, dep table pow: 1, hash table pow: 26): 0.014s
2026-02-09 13:06:15,681 [PID 1417] PERFORMANCE  Initialized multiprocessing workers (workers: 5): 0.007s
2026-02-09 13:06:15,816 [PID 1417] INFO  Building module tracker...
2026-02-09 13:10:54,185 [PID 1417] PERFORMANCE  Module tracker built: 278.290s
2026-02-09 13:10:54,193 [PID 1417] PERFORMANCE  Full environment built: 278.513s
2026-02-09 13:10:54,194 [PID 1417] INFO  Collecting all definitions...
2026-02-09 13:10:59,837 [PID 1417] WARNING  Parser error in module `venv.Lib.python3.12.site-packages.pip._vendor.pyparsing.unicode`: CPython runtime raised a non-syntax exception
2026-02-09 13:11:02,505 [PID 1417] WARNING  Parser error in module `pip._vendor.pyparsing.unicode`: CPython runtime raised a non-syntax exception
2026-02-09 13:09:48,290 [PID 1417] WARNING  Parser error in module `venv.lib64.python3.12.site-packages.pip._vendor.pyparsing.unicode`: CPython runtime raised a non-syntax exception
2026-02-09 13:11:43,941 [PID 1417] PERFORMANCE  Collected definitions (defines: 145755): 49.750s
2026-02-09 13:11:43,943 [PID 1417] INFO  Checking 145755 functions...
2026-02-09 13:10:38,666 [PID 1417] INFO  Processed 4859 of 145755 functions
2026-02-09 13:12:28,874 [PID 1417] INFO  Processed 9718 of 145755 functions
2026-02-09 13:10:46,515 [PID 1417] INFO  Processed 14577 of 145755 functions
2026-02-09 13:12:42,806 [PID 1417] WARNING  Pyre could not resolve the type variable for symbol venv.Lib.python3.12.site-packages.annotated_types._StrType, which is probably an imported type variable venv.Lib.python3.12.site-packages.annotated_types.IsDigits. This could cause downstream generic classes to be poorly understood. You can fix this problem by avoiding importing the type variable.
2026-02-09 13:12:45,824 [PID 1417] INFO  Processed 19436 of 145755 functions
2026-02-09 13:12:50,201 [PID 1417] INFO  Processed 24295 of 145755 functions
2026-02-09 13:12:58,743 [PID 1417] INFO  Processed 29154 of 145755 functions
2026-02-09 13:13:06,397 [PID 1417] INFO  Processed 34013 of 145755 functions
2026-02-09 13:13:07,056 [PID 1417] INFO  Processed 38872 of 145755 functions
2026-02-09 13:13:21,178 [PID 1417] INFO  Processed 43731 of 145755 functions
2026-02-09 13:13:50,906 [PID 1417] INFO  Processed 48590 of 145755 functions
2026-02-09 13:13:59,639 [PID 1417] INFO  Processed 53449 of 145755 functions
2026-02-09 13:14:07,554 [PID 1417] INFO  Processed 58308 of 145755 functions
2026-02-09 13:14:12,511 [PID 1417] WARNING  Pyre could not resolve the type variable for symbol venv.lib64.python3.12.site-packages.annotated_types._StrType, which is probably an imported type variable venv.lib64.python3.12.site-packages.annotated_types.IsDigits. This could cause downstream generic classes to be poorly understood. You can fix this problem by avoiding importing the type variable.
2026-02-09 13:14:27,924 [PID 1417] INFO  Processed 63167 of 145755 functions
2026-02-09 13:14:38,404 [PID 1417] INFO  Processed 68026 of 145755 functions
2026-02-09 13:14:39,583 [PID 1417] INFO  Processed 72885 of 145755 functions
2026-02-09 13:14:51,952 [PID 1417] INFO  Processed 77744 of 145755 functions
2026-02-09 13:15:22,640 [PID 1417] INFO  Processed 82603 of 145755 functions
2026-02-09 13:15:34,253 [PID 1417] INFO  Processed 87462 of 145755 functions
2026-02-09 13:15:41,406 [PID 1417] ERROR 
2026-02-09 13:15:54,202 [PID 1609] INFO No binary specified, looking for `pyre.bin` in PATH
2026-02-09 13:15:54,213 [PID 1609] INFO Pyre binary is located at `/mnt/c/Users/HASSAN ALI/Documents/taintAnalyzer/venv/bin/pyre.bin`
2026-02-09 13:15:54,233 [PID 1609] INFO Could not determine the number of Pyre workers from configuration. Auto-set the value to 5.
2026-02-09 13:15:54,682 [PID 1609] INFO No typeshed specified, looking for it...
2026-02-09 13:15:54,694 [PID 1609] INFO Found: `/mnt/c/Users/HASSAN ALI/Documents/taintAnalyzer/venv/lib/pyre_check/typeshed`
2026-02-09 13:15:54,929 [PID 1609] INFO Writing arguments into /tmp/pyre_arguments_f54c6d7e.json...
2026-02-09 13:15:54,931 [PID 1609] DEBUG Arguments:
{
  "source_paths": {
    "kind": "simple",
    "paths": [
      "/mnt/c/Users/HASSAN ALI/Documents/taintAnalyzer/app"
    ]
  },
  "search_paths": [
    "/mnt/c/Users/HASSAN ALI/Documents/taintAnalyzer/venv/lib/python3.12/site-packages$annotated_types",
    "/mnt/c/Users/HASSAN ALI/Documents/taintAnalyzer/venv/lib/python3.12/site-packages$anyio",
    "/mnt/c/Users/HASSAN ALI/Documents/taintAnalyzer/venv/lib/python3.12/site-packages$testslide",
    "/mnt/c/Users/HASSAN ALI/Documents/taintAnalyzer/venv/lib/python3.12/site-packages$dataclasses_json",
    "/mnt/c/Users/HASSAN ALI/Documents/taintAnalyzer/venv/lib/python3.12/site-packages$h11",
    "/mnt/c/Users/HASSAN ALI/Documents/taintAnalyzer/venv/lib/python3.12/site-packages$tomli_w",
    "/mnt/c/Users/HASSAN ALI/Documents/taintAnalyzer/venv/lib/python3.12/site-packages$pip",
    "/mnt/c/Users/HASSAN ALI/Documents/taintAnalyzer/venv/lib/python3.12/site-packages$packaging",
    "/mnt/c/Users/HASSAN ALI/Documents/taintAnalyzer/venv/lib/python3.12/site-packages$fastapi",
    "/mnt/c/Users/HASSAN ALI/Documents/taintAnalyzer/venv/lib/python3.12/site-packages$annotated_doc",
    "/mnt/c/Users/HASSAN ALI/Documents/taintAnalyzer/venv/lib/python3.12/site-packages$pydantic_core",
    "/mnt/c/Users/HASSAN ALI/Documents/taintAnalyzer/venv/lib/python3.12/site-packages$starlette",
    "/mnt/c/Users/HASSAN ALI/Documents/taintAnalyzer/venv/lib/python3.12/site-packages$uvicorn",
    "/mnt/c/Users/HASSAN ALI/Documents/taintAnalyzer/venv/lib/python3.12/site-packages$idna",
    "/mnt/c/Users/HASSAN ALI/Documents/taintAnalyzer/venv/lib/python3.12/site-packages$tomli",
    "/mnt/c/Users/HASSAN ALI/Documents/taintAnalyzer/venv/lib/python3.12/site-packages$pydantic",
    "/mnt/c/Users/HASSAN ALI/Documents/taintAnalyzer/venv/lib/python3.12/site-packages$python_multipart",
    "/mnt/c/Users/HASSAN ALI/Documents/taintAnalyzer/venv/lib/python3.12/site-packages$marshmallow",
    "/mnt/c/Users/HASSAN ALI/Documents/taintAnalyzer/venv/lib/python3.12/site-packages$click",
    "/mnt/c/Users/HASSAN ALI/Documents/taintAnalyzer/venv/lib/python3.12/site-packages$typeguard",
    "/mnt/c/Users/HASSAN ALI/Documents/taintAnalyzer/venv/lib/python3.12/site-packages$libcst",
    "/mnt/c/Users/HASSAN ALI/Documents/taintAnalyzer/venv/lib/python3.12/site-packages$typing_inspection",
    "/mnt/c/Users/HASSAN ALI/Documents/taintAnalyzer/venv/lib/pyre_check/typeshed/stdlib",
    "/mnt/c/Users/HASSAN ALI/Documents/taintAnalyzer/venv/lib/pyre_check/typeshed/stubs/ExifRead",
    "/mnt/c/Users/HASSAN ALI/Documents/taintAnalyzer/venv/lib/pyre_check/typeshed/stubs/PyMySQL",
    "/mnt/c/Users/HASSAN ALI/Documents/taintAnalyzer/venv/lib/pyre_check/typeshed/stubs/PyYAML",
    "/mnt/c/Users/HASSAN ALI/Documents/taintAnalyzer/venv/lib/pyre_check/typeshed/stubs/aiofiles",
    "/mnt/c/Users/HASSAN ALI/Documents/taintAnalyzer/venv/lib/pyre_check/typeshed/stubs/chevron",
    "/mnt/c/Users/HASSAN ALI/Documents/taintAnalyzer/venv/lib/pyre_check/typeshed/stubs/colorama",
    "/mnt/c/Users/HASSAN ALI/Documents/taintAnalyzer/venv/lib/pyre_check/typeshed/stubs/ldap3",
    "/mnt/c/Users/HASSAN ALI/Documents/taintAnalyzer/venv/lib/pyre_check/typeshed/stubs/mysqlclient",
    "/mnt/c/Users/HASSAN ALI/Documents/taintAnalyzer/venv/lib/pyre_check/typeshed/stubs/paramiko",
    "/mnt/c/Users/HASSAN ALI/Documents/taintAnalyzer/venv/lib/pyre_check/typeshed/stubs/psycopg2",
    "/mnt/c/Users/HASSAN ALI/Documents/taintAnalyzer/venv/lib/pyre_check/typeshed/stubs/pycurl",
    "/mnt/c/Users/HASSAN ALI/Documents/taintAnalyzer/venv/lib/pyre_check/typeshed/stubs/python-dateutil",
    "/mnt/c/Users/HASSAN ALI/Documents/taintAnalyzer/venv/lib/pyre_check/typeshed/stubs/pytz",
    "/mnt/c/Users/HASSAN ALI/Documents/taintAnalyzer/venv/lib/pyre_check/typeshed/stubs/regex",
    "/mnt/c/Users/HASSAN ALI/Documents/taintAnalyzer/venv/lib/pyre_check/typeshed/stubs/requests",
    "/mnt/c/Users/HASSAN ALI/Documents/taintAnalyzer/venv/lib/pyre_check/typeshed/stubs/retry",
    "/mnt/c/Users/HASSAN ALI/Documents/taintAnalyzer/venv/lib/pyre_check/typeshed/stubs/tqdm",
    "/mnt/c/Users/HASSAN ALI/Documents/taintAnalyzer/venv/lib/pyre_check/typeshed/stubs/ujson"
  ],
  "excludes": [
    "^venv/.*"
  ],
  "checked_directory_allowlist": [
    "/mnt/c/Users/HASSAN ALI/Documents/taintAnalyzer/app"
  ],
  "checked_directory_blocklist": [],
  "extensions": [],
  "log_path": "/mnt/c/Users/HASSAN ALI/Documents/taintAnalyzer/.pyre",
  "global_root": "/mnt/c/Users/HASSAN ALI/Documents/taintAnalyzer",
  "debug": false,
  "python_version": {
    "major": 3,
    "minor": 12,
    "micro": 3
  },
  "system_platform": "linux",
  "shared_memory": {},
  "parallel": true,
  "number_of_workers": 5,
  "additional_logging_sections": [],
  "show_error_traces": false,
  "strict": false
}
2026-02-09 13:15:56,396 [PID 1609] PERFORMANCE  Initialized shared memory (heap size: 8589934592, dep table pow: 1, hash table pow: 26): 0.017s
2026-02-09 13:15:56,409 [PID 1609] PERFORMANCE  Initialized multiprocessing workers (workers: 5): 0.010s
2026-02-09 13:15:56,608 [PID 1609] INFO  Building module tracker...
2026-02-09 13:16:44,395 [PID 1609] PERFORMANCE  Module tracker built: 47.787s
2026-02-09 13:16:44,398 [PID 1609] PERFORMANCE  Full environment built: 47.991s
2026-02-09 13:16:44,400 [PID 1609] INFO  Collecting all definitions...
2026-02-09 13:14:54,765 [PID 1609] PERFORMANCE  Collected definitions (defines: 12): 0.351s
2026-02-09 13:14:54,771 [PID 1609] INFO  Checking 12 functions...
2026-02-09 13:14:55,161 [PID 1609] INFO  Processed 2 of 12 functions
2026-02-09 13:14:55,248 [PID 1609] INFO  Processed 4 of 12 functions
2026-02-09 13:14:55,272 [PID 1609] INFO  Processed 6 of 12 functions
2026-02-09 13:14:55,326 [PID 1609] INFO  Processed 8 of 12 functions
2026-02-09 13:14:55,392 [PID 1609] INFO  Processed 10 of 12 functions
2026-02-09 13:14:55,394 [PID 1609] INFO  Processed 12 of 12 functions
2026-02-09 13:14:55,395 [PID 1609] PERFORMANCE  Check_TypeCheck: 0.624s
2026-02-09 13:14:55,396 [PID 1609] MEMORY  Shared memory size post-typecheck (size: 0)
2026-02-09 13:14:55,398 [PID 1609] INFO  Postprocessing 8 sources...
2026-02-09 13:14:55,441 [PID 1609] INFO  Postprocessed 2 of 8 sources
2026-02-09 13:14:55,445 [PID 1609] INFO  Postprocessed 4 of 8 sources
2026-02-09 13:14:55,446 [PID 1609] INFO  Postprocessed 6 of 8 sources
2026-02-09 13:14:55,448 [PID 1609] INFO  Postprocessed 8 of 8 sources
2026-02-09 13:14:55,449 [PID 1609] PERFORMANCE  Check_Postprocessing: 0.052s
2026-02-09 13:14:55,451 [PID 1609] PERFORMANCE  Check (request kind: FullCheck): 49.021s
2026-02-09 13:14:55,464 [PID 1609] ERROR Found 2 type errors!
2026-02-09 14:35:37,963 [PID 2570] INFO No binary specified, looking for `pyre.bin` in PATH
2026-02-09 14:35:37,974 [PID 2570] INFO Pyre binary is located at `/mnt/c/Users/HASSAN ALI/Documents/taintAnalyzer/venv/bin/pyre.bin`
2026-02-09 14:35:37,978 [PID 2570] INFO Could not determine the number of Pyre workers from configuration. Auto-set the value to 5.
2026-02-09 14:35:38,336 [PID 2570] INFO No typeshed specified, looking for it...
2026-02-09 14:35:38,343 [PID 2570] INFO Found: `/mnt/c/Users/HASSAN ALI/Documents/taintAnalyzer/venv/lib/pyre_check/typeshed`
2026-02-09 14:35:38,492 [PID 2570] INFO Writing arguments into /tmp/pyre_arguments_zte6llff.json...
2026-02-09 14:35:38,493 [PID 2570] DEBUG Arguments:
{
  "source_paths": {
    "kind": "simple",
    "paths": [
      "/mnt/c/Users/HASSAN ALI/Documents/taintAnalyzer/app"
    ]
  },
  "search_paths": [
    "/mnt/c/Users/HASSAN ALI/Documents/taintAnalyzer/venv/lib/python3.12/site-packages$libcst",
    "/mnt/c/Users/HASSAN ALI/Documents/taintAnalyzer/venv/lib/python3.12/site-packages$tomli",
    "/mnt/c/Users/HASSAN ALI/Documents/taintAnalyzer/venv/lib/python3.12/site-packages$typing_inspection",
    "/mnt/c/Users/HASSAN ALI/Documents/taintAnalyzer/venv/lib/python3.12/site-packages$anyio",
    "/mnt/c/Users/HASSAN ALI/Documents/taintAnalyzer/venv/lib/python3.12/site-packages$fastapi",
    "/mnt/c/Users/HASSAN ALI/Documents/taintAnalyzer/venv/lib/python3.12/site-packages$starlette",
    "/mnt/c/Users/HASSAN ALI/Documents/taintAnalyzer/venv/lib/python3.12/site-packages$click",
    "/mnt/c/Users/HASSAN ALI/Documents/taintAnalyzer/venv/lib/python3.12/site-packages$typeguard",
    "/mnt/c/Users/HASSAN ALI/Documents/taintAnalyzer/venv/lib/python3.12/site-packages$annotated_doc",
    "/mnt/c/Users/HASSAN ALI/Documents/taintAnalyzer/venv/lib/python3.12/site-packages$idna",
    "/mnt/c/Users/HASSAN ALI/Documents/taintAnalyzer/venv/lib/python3.12/site-packages$h11",
    "/mnt/c/Users/HASSAN ALI/Documents/taintAnalyzer/venv/lib/python3.12/site-packages$pip",
    "/mnt/c/Users/HASSAN ALI/Documents/taintAnalyzer/venv/lib/python3.12/site-packages$python_multipart",
    "/mnt/c/Users/HASSAN ALI/Documents/taintAnalyzer/venv/lib/python3.12/site-packages$dataclasses_json",
    "/mnt/c/Users/HASSAN ALI/Documents/taintAnalyzer/venv/lib/python3.12/site-packages$pydantic",
    "/mnt/c/Users/HASSAN ALI/Documents/taintAnalyzer/venv/lib/python3.12/site-packages$marshmallow",
    "/mnt/c/Users/HASSAN ALI/Documents/taintAnalyzer/venv/lib/python3.12/site-packages$testslide",
    "/mnt/c/Users/HASSAN ALI/Documents/taintAnalyzer/venv/lib/python3.12/site-packages$packaging",
    "/mnt/c/Users/HASSAN ALI/Documents/taintAnalyzer/venv/lib/python3.12/site-packages$uvicorn",
    "/mnt/c/Users/HASSAN ALI/Documents/taintAnalyzer/venv/lib/python3.12/site-packages$annotated_types",
    "/mnt/c/Users/HASSAN ALI/Documents/taintAnalyzer/venv/lib/python3.12/site-packages$tomli_w",
    "/mnt/c/Users/HASSAN ALI/Documents/taintAnalyzer/venv/lib/python3.12/site-packages$pydantic_core",
    "/mnt/c/Users/HASSAN ALI/Documents/taintAnalyzer/venv/lib/pyre_check/typeshed/stdlib",
    "/mnt/c/Users/HASSAN ALI/Documents/taintAnalyzer/venv/lib/pyre_check/typeshed/stubs/ExifRead",
    "/mnt/c/Users/HASSAN ALI/Documents/taintAnalyzer/venv/lib/pyre_check/typeshed/stubs/PyMySQL",
    "/mnt/c/Users/HASSAN ALI/Documents/taintAnalyzer/venv/lib/pyre_check/typeshed/stubs/PyYAML",
    "/mnt/c/Users/HASSAN ALI/Documents/taintAnalyzer/venv/lib/pyre_check/typeshed/stubs/aiofiles",
    "/mnt/c/Users/HASSAN ALI/Documents/taintAnalyzer/venv/lib/pyre_check/typeshed/stubs/chevron",
    "/mnt/c/Users/HASSAN ALI/Documents/taintAnalyzer/venv/lib/pyre_check/typeshed/stubs/colorama",
    "/mnt/c/Users/HASSAN ALI/Documents/taintAnalyzer/venv/lib/pyre_check/typeshed/stubs/ldap3",
    "/mnt/c/Users/HASSAN ALI/Documents/taintAnalyzer/venv/lib/pyre_check/typeshed/stubs/mysqlclient",
    "/mnt/c/Users/HASSAN ALI/Documents/taintAnalyzer/venv/lib/pyre_check/typeshed/stubs/paramiko",
    "/mnt/c/Users/HASSAN ALI/Documents/taintAnalyzer/venv/lib/pyre_check/typeshed/stubs/psycopg2",
    "/mnt/c/Users/HASSAN ALI/Documents/taintAnalyzer/venv/lib/pyre_check/typeshed/stubs/pycurl",
    "/mnt/c/Users/HASSAN ALI/Documents/taintAnalyzer/venv/lib/pyre_check/typeshed/stubs/python-dateutil",
    "/mnt/c/Users/HASSAN ALI/Documents/taintAnalyzer/venv/lib/pyre_check/typeshed/stubs/pytz",
    "/mnt/c/Users/HASSAN ALI/Documents/taintAnalyzer/venv/lib/pyre_check/typeshed/stubs/regex",
    "/mnt/c/Users/HASSAN ALI/Documents/taintAnalyzer/venv/lib/pyre_check/typeshed/stubs/requests",
    "/mnt/c/Users/HASSAN ALI/Documents/taintAnalyzer/venv/lib/pyre_check/typeshed/stubs/retry",
    "/mnt/c/Users/HASSAN ALI/Documents/taintAnalyzer/venv/lib/pyre_check/typeshed/stubs/tqdm",
    "/mnt/c/Users/HASSAN ALI/Documents/taintAnalyzer/venv/lib/pyre_check/typeshed/stubs/ujson"
  ],
  "excludes": [
    "^venv/.*"
  ],
  "checked_directory_allowlist": [
    "/mnt/c/Users/HASSAN ALI/Documents/taintAnalyzer/app"
  ],
  "checked_directory_blocklist": [],
  "extensions": [],
  "log_path": "/mnt/c/Users/HASSAN ALI/Documents/taintAnalyzer/.pyre",
  "global_root": "/mnt/c/Users/HASSAN ALI/Documents/taintAnalyzer",
  "debug": false,
  "python_version": {
    "major": 3,
    "minor": 12,
    "micro": 3
  },
  "system_platform": "linux",
  "shared_memory": {},
  "parallel": true,
  "number_of_workers": 5,
  "additional_logging_sections": [],
  "show_error_traces": false,
  "strict": false
}
2026-02-09 14:35:39,689 [PID 2570] PERFORMANCE  Initialized shared memory (heap size: 8589934592, dep table pow: 1, hash table pow: 26): 0.010s
2026-02-09 14:35:39,711 [PID 2570] PERFORMANCE  Initialized multiprocessing workers (workers: 5): 0.019s
2026-02-09 14:35:39,899 [PID 2570] INFO  Building module tracker...
2026-02-09 14:34:55,202 [PID 2570] PERFORMANCE  Module tracker built: 65.257s
2026-02-09 14:34:55,205 [PID 2570] PERFORMANCE  Full environment built: 65.454s
2026-02-09 14:34:55,206 [PID 2570] INFO  Collecting all definitions...
2026-02-09 14:34:55,665 [PID 2570] PERFORMANCE  Collected definitions (defines: 12): 0.465s
2026-02-09 14:34:55,667 [PID 2570] INFO  Checking 12 functions...
2026-02-09 14:34:56,493 [PID 2570] INFO  Processed 2 of 12 functions
2026-02-09 14:34:56,569 [PID 2570] INFO  Processed 4 of 12 functions
2026-02-09 14:34:56,615 [PID 2570] INFO  Processed 6 of 12 functions
2026-02-09 14:34:56,660 [PID 2570] INFO  Processed 8 of 12 functions
2026-02-09 14:34:56,742 [PID 2570] INFO  Processed 10 of 12 functions
2026-02-09 14:34:56,744 [PID 2570] INFO  Processed 12 of 12 functions
2026-02-09 14:34:56,745 [PID 2570] PERFORMANCE  Check_TypeCheck: 1.073s
2026-02-09 14:34:56,747 [PID 2570] MEMORY  Shared memory size post-typecheck (size: 0)
2026-02-09 14:34:56,747 [PID 2570] INFO  Postprocessing 8 sources...
2026-02-09 14:34:56,790 [PID 2570] INFO  Postprocessed 2 of 8 sources
2026-02-09 14:34:56,792 [PID 2570] INFO  Postprocessed 4 of 8 sources
2026-02-09 14:34:56,793 [PID 2570] INFO  Postprocessed 6 of 8 sources
2026-02-09 14:34:56,805 [PID 2570] INFO  Postprocessed 8 of 8 sources
2026-02-09 14:34:56,807 [PID 2570] PERFORMANCE  Check_Postprocessing: 0.066s
2026-02-09 14:34:56,809 [PID 2570] PERFORMANCE  Check (request kind: FullCheck): 67.061s
2026-02-09 14:34:56,839 [PID 2570] ERROR Found 1 type error!
